android-app/app/build/intermediates/manifest_merge_blame_file/debug/processDebugMainManifest/manifest-merger-blame-debug-report.txt
1<?xml version="1.0" encoding="utf-8"?>
2<manifest xmlns:android="http://schemas.android.com/apk/res/android"
3    package="com.medivault.app.debug"
4    android:versionCode="1"
5    android:versionName="1.0.0" >
6
7    <uses-sdk
8        android:minSdkVersion="26"
9        android:targetSdkVersion="34" />
10
11    <uses-permission android:name="android.permission.INTERNET" />
11-->src/main/AndroidManifest.xml:5:5-67
11-->src/main/AndroidManifest.xml:5:22-64
12    <uses-permission android:name="android.permission.ACCESS_NETWORK_STATE" />
12-->src/main/AndroidManifest.xml:6:5-79
12-->src/main/AndroidManifest.xml:6:22-76
13    <uses-permission android:name="android.permission.CAMERA" />
13-->src/main/AndroidManifest.xml:7:5-65
13-->src/main/AndroidManifest.xml:7:22-62
14    <uses-permission android:name="android.permission.VIBRATE" />
14-->src/main/AndroidManifest.xml:8:5-66
14-->src/main/AndroidManifest.xml:8:22-63
15    <uses-permission android:name="android.permission.POST_NOTIFICATIONS" />
15-->src/main/AndroidManifest.xml:9:5-77
15-->src/main/AndroidManifest.xml:9:22-74
16
17    <uses-feature
17-->src/main/AndroidManifest.xml:11:5-85
18        android:name="android.hardware.camera"
18-->src/main/AndroidManifest.xml:11:19-57
19        android:required="false" />
19-->src/main/AndroidManifest.xml:11:58-82
20    <uses-feature
20-->src/main/AndroidManifest.xml:12:5-95
21        android:name="android.hardware.camera.autofocus"
21-->src/main/AndroidManifest.xml:12:19-67
22        android:required="false" />
22-->src/main/AndroidManifest.xml:12:68-92
23
24    <permission
24-->[androidx.core:core:1.12.0] AndroidManifest.xml:22:5-24:47
25        android:name="com.medivault.app.debug.DYNAMIC_RECEIVER_NOT_EXPORTED_PERMISSION"
25-->[androidx.core:core:1.12.0] AndroidManifest.xml:23:9-81
26        android:protectionLevel="signature" />
26-->[androidx.core:core:1.12.0] AndroidManifest.xml:24:9-44
27
28    <uses-permission android:name="com.medivault.app.debug.DYNAMIC_RECEIVER_NOT_EXPORTED_PERMISSION" />
28-->[androidx.core:core:1.12.0] AndroidManifest.xml:26:5-97
28-->[androidx.core:core:1.12.0] AndroidManifest.xml:26:22-94
29
30    <uses-feature
30-->[com.journeyapps:zxing-android-embedded:4.3.0] AndroidManifest.xml:28:5-30:36
31        android:name="android.hardware.camera.front"
31-->[com.journeyapps:zxing-android-embedded:4.3.0] AndroidManifest.xml:29:9-53
32        android:required="false" />
32-->[com.journeyapps:zxing-android-embedded:4.3.0] AndroidManifest.xml:30:9-33
33    <uses-feature
33-->[com.journeyapps:zxing-android-embedded:4.3.0] AndroidManifest.xml:36:5-38:36
34        android:name="android.hardware.camera.flash"
34-->[com.journeyapps:zxing-android-embedded:4.3.0] AndroidManifest.xml:37:9-53
35        android:required="false" />
35-->[com.journeyapps:zxing-android-embedded:4.3.0] AndroidManifest.xml:38:9-33
36    <uses-feature
36-->[com.journeyapps:zxing-android-embedded:4.3.0] AndroidManifest.xml:39:5-41:36
37        android:name="android.hardware.screen.landscape"
37-->[com.journeyapps:zxing-android-embedded:4.3.0] AndroidManifest.xml:40:9-57
38        android:required="false" />
38-->[com.journeyapps:zxing-android-embedded:4.3.0] AndroidManifest.xml:41:9-33
39    <uses-feature
39-->[com.journeyapps:zxing-android-embedded:4.3.0] AndroidManifest.xml:42:5-44:36
40        android:name="android.hardware.wifi"
40-->[com.journeyapps:zxing-android-embedded:4.3.0] AndroidManifest.xml:43:9-45
41        android:required="false" />
41-->[com.journeyapps:zxing-android-embedded:4.3.0] AndroidManifest.xml:44:9-33
42
43    <application
43-->src/main/AndroidManifest.xml:14:5-57:19
44        android:allowBackup="true"
44-->src/main/AndroidManifest.xml:15:9-35
45        android:appComponentFactory="androidx.core.app.CoreComponentFactory"
45-->[androidx.core:core:1.12.0] AndroidManifest.xml:28:18-86
46        android:dataExtractionRules="@xml/data_extraction_rules"
46-->src/main/AndroidManifest.xml:16:9-65
47        android:debuggable="true"
48        android:extractNativeLibs="false"
49        android:fullBackupContent="@xml/backup_rules"
49-->src/main/AndroidManifest.xml:17:9-54
50        android:icon="@mipmap/ic_launcher"
50-->src/main/AndroidManifest.xml:18:9-43
51        android:label="MediVault"
51-->src/main/AndroidManifest.xml:19:9-34
52        android:networkSecurityConfig="@xml/network_security_config"
52-->src/main/AndroidManifest.xml:23:9-69
53        android:roundIcon="@mipmap/ic_launcher_round"
53-->src/main/AndroidManifest.xml:20:9-54
54        android:supportsRtl="true"
54-->src/main/AndroidManifest.xml:21:9-35
55        android:testOnly="true"
56        android:theme="@style/Theme.MediVault" >
56-->src/main/AndroidManifest.xml:22:9-47
57
58        <!-- Main Activity -->
59        <activity
59-->src/main/AndroidManifest.xml:27:9-47:20
60            android:name="com.medivault.app.MainActivity"
60-->src/main/AndroidManifest.xml:28:13-58
61            android:configChanges="orientation|screenSize"
61-->src/main/AndroidManifest.xml:30:13-59
62            android:exported="true"
62-->src/main/AndroidManifest.xml:29:13-36
63            android:windowSoftInputMode="adjustResize" >
63-->src/main/AndroidManifest.xml:31:13-55
64            <intent-filter>
64-->src/main/AndroidManifest.xml:32:13-35:29
65                <action android:name="android.intent.action.MAIN" />
65-->src/main/AndroidManifest.xml:33:17-69
65-->src/main/AndroidManifest.xml:33:25-66
66
67                <category android:name="android.intent.category.LAUNCHER" />
67-->src/main/AndroidManifest.xml:34:17-77
67-->src/main/AndroidManifest.xml:34:27-74
68            </intent-filter>
69
70            <!-- Deep linking for doctor profiles -->
71            <intent-filter android:autoVerify="true" >
71-->src/main/AndroidManifest.xml:38:13-46:29
71-->src/main/AndroidManifest.xml:38:28-53
72                <action android:name="android.intent.action.VIEW" />
72-->src/main/AndroidManifest.xml:39:17-69
72-->src/main/AndroidManifest.xml:39:25-66
73
74                <category android:name="android.intent.category.DEFAULT" />
74-->src/main/AndroidManifest.xml:40:17-76
74-->src/main/AndroidManifest.xml:40:27-73
75                <category android:name="android.intent.category.BROWSABLE" />
75-->src/main/AndroidManifest.xml:41:17-78
75-->src/main/AndroidManifest.xml:41:27-75
76
77                <data
77-->src/main/AndroidManifest.xml:42:17-45:53
78                    android:host="medivault.app"
78-->src/main/AndroidManifest.xml:44:21-49
79                    android:pathPrefix="/doctors"
79-->src/main/AndroidManifest.xml:45:21-50
80                    android:scheme="https" />
80-->src/main/AndroidManifest.xml:43:21-43
81            </intent-filter>
82        </activity>
83
84        <!-- QR Code Scanner Activity -->
85        <activity
85-->src/main/AndroidManifest.xml:50:9-55:45
86            android:name="com.medivault.app.QRScannerActivity"
86-->src/main/AndroidManifest.xml:51:13-46
87            android:exported="false"
87-->src/main/AndroidManifest.xml:52:13-37
88            android:screenOrientation="fullSensor"
88-->src/main/AndroidManifest.xml:53:13-51
89            android:theme="@style/Theme.MediVault" />
89-->src/main/AndroidManifest.xml:54:13-51
90
91        <provider
91-->[dev.hotwire:turbo:7.1.0] AndroidManifest.xml:8:9-16:20
92            android:name="dev.hotwire.turbo.util.TurboFileProvider"
92-->[dev.hotwire:turbo:7.1.0] AndroidManifest.xml:9:13-68
93            android:authorities="com.medivault.app.debug.turbo.fileprovider"
93-->[dev.hotwire:turbo:7.1.0] AndroidManifest.xml:10:13-70
94            android:exported="false"
94-->[dev.hotwire:turbo:7.1.0] AndroidManifest.xml:11:13-37
95            android:grantUriPermissions="true" >
95-->[dev.hotwire:turbo:7.1.0] AndroidManifest.xml:12:13-47
96            <meta-data
96-->[dev.hotwire:turbo:7.1.0] AndroidManifest.xml:13:13-15:63
97                android:name="android.support.FILE_PROVIDER_PATHS"
97-->[dev.hotwire:turbo:7.1.0] AndroidManifest.xml:14:17-67
98                android:resource="@xml/file_provider_paths" />
98-->[dev.hotwire:turbo:7.1.0] AndroidManifest.xml:15:17-60
99        </provider>
100        <provider
100-->[androidx.emoji2:emoji2:1.2.0] AndroidManifest.xml:24:9-32:20
101            android:name="androidx.startup.InitializationProvider"
101-->[androidx.emoji2:emoji2:1.2.0] AndroidManifest.xml:25:13-67
102            android:authorities="com.medivault.app.debug.androidx-startup"
102-->[androidx.emoji2:emoji2:1.2.0] AndroidManifest.xml:26:13-68
103            android:exported="false" >
103-->[androidx.emoji2:emoji2:1.2.0] AndroidManifest.xml:27:13-37
104            <meta-data
104-->[androidx.emoji2:emoji2:1.2.0] AndroidManifest.xml:29:13-31:52
105                android:name="androidx.emoji2.text.EmojiCompatInitializer"
105-->[androidx.emoji2:emoji2:1.2.0] AndroidManifest.xml:30:17-75
106                android:value="androidx.startup" />
106-->[androidx.emoji2:emoji2:1.2.0] AndroidManifest.xml:31:17-49
107            <meta-data
107-->[androidx.lifecycle:lifecycle-process:2.6.2] AndroidManifest.xml:29:13-31:52
108                android:name="androidx.lifecycle.ProcessLifecycleInitializer"
108-->[androidx.lifecycle:lifecycle-process:2.6.2] AndroidManifest.xml:30:17-78
109                android:value="androidx.startup" />
109-->[androidx.lifecycle:lifecycle-process:2.6.2] AndroidManifest.xml:31:17-49
110            <meta-data
110-->[androidx.profileinstaller:profileinstaller:1.3.1] AndroidManifest.xml:29:13-31:52
111                android:name="androidx.profileinstaller.ProfileInstallerInitializer"
111-->[androidx.profileinstaller:profileinstaller:1.3.1] AndroidManifest.xml:30:17-85
112                android:value="androidx.startup" />
112-->[androidx.profileinstaller:profileinstaller:1.3.1] AndroidManifest.xml:31:17-49
113        </provider>
114
115        <uses-library
115-->[androidx.window:window:1.0.0] AndroidManifest.xml:25:9-27:40
116            android:name="androidx.window.extensions"
116-->[androidx.window:window:1.0.0] AndroidManifest.xml:26:13-54
117            android:required="false" />
117-->[androidx.window:window:1.0.0] AndroidManifest.xml:27:13-37
118        <uses-library
118-->[androidx.window:window:1.0.0] AndroidManifest.xml:28:9-30:40
119            android:name="androidx.window.sidecar"
119-->[androidx.window:window:1.0.0] AndroidManifest.xml:29:13-51
120            android:required="false" />
120-->[androidx.window:window:1.0.0] AndroidManifest.xml:30:13-37
121
122        <receiver
122-->[androidx.profileinstaller:profileinstaller:1.3.1] AndroidManifest.xml:34:9-52:20
123            android:name="androidx.profileinstaller.ProfileInstallReceiver"
123-->[androidx.profileinstaller:profileinstaller:1.3.1] AndroidManifest.xml:35:13-76
124            android:directBootAware="false"
124-->[androidx.profileinstaller:profileinstaller:1.3.1] AndroidManifest.xml:36:13-44
125            android:enabled="true"
125-->[androidx.profileinstaller:profileinstaller:1.3.1] AndroidManifest.xml:37:13-35
126            android:exported="true"
126-->[androidx.profileinstaller:profileinstaller:1.3.1] AndroidManifest.xml:38:13-36
127            android:permission="android.permission.DUMP" >
127-->[androidx.profileinstaller:profileinstaller:1.3.1] AndroidManifest.xml:39:13-57
128            <intent-filter>
128-->[androidx.profileinstaller:profileinstaller:1.3.1] AndroidManifest.xml:40:13-42:29
129                <action android:name="androidx.profileinstaller.action.INSTALL_PROFILE" />
129-->[androidx.profileinstaller:profileinstaller:1.3.1] AndroidManifest.xml:41:17-91
129-->[androidx.profileinstaller:profileinstaller:1.3.1] AndroidManifest.xml:41:25-88
130            </intent-filter>
131            <intent-filter>
131-->[androidx.profileinstaller:profileinstaller:1.3.1] AndroidManifest.xml:43:13-45:29
132                <action android:name="androidx.profileinstaller.action.SKIP_FILE" />
132-->[androidx.profileinstaller:profileinstaller:1.3.1] AndroidManifest.xml:44:17-85
132-->[androidx.profileinstaller:profileinstaller:1.3.1] AndroidManifest.xml:44:25-82
133            </intent-filter>
134            <intent-filter>
134-->[androidx.profileinstaller:profileinstaller:1.3.1] AndroidManifest.xml:46:13-48:29
135                <action android:name="androidx.profileinstaller.action.SAVE_PROFILE" />
135-->[androidx.profileinstaller:profileinstaller:1.3.1] AndroidManifest.xml:47:17-88
135-->[androidx.profileinstaller:profileinstaller:1.3.1] AndroidManifest.xml:47:25-85
136            </intent-filter>
137            <intent-filter>
137-->[androidx.profileinstaller:profileinstaller:1.3.1] AndroidManifest.xml:49:13-51:29
138                <action android:name="androidx.profileinstaller.action.BENCHMARK_OPERATION" />
138-->[androidx.profileinstaller:profileinstaller:1.3.1] AndroidManifest.xml:50:17-95
138-->[androidx.profileinstaller:profileinstaller:1.3.1] AndroidManifest.xml:50:25-92
139            </intent-filter>
140        </receiver>
141
142        <activity
142-->[com.journeyapps:zxing-android-embedded:4.3.0] AndroidManifest.xml:47:9-53:63
143            android:name="com.journeyapps.barcodescanner.CaptureActivity"
143-->[com.journeyapps:zxing-android-embedded:4.3.0] AndroidManifest.xml:48:13-74
144            android:clearTaskOnLaunch="true"
144-->[com.journeyapps:zxing-android-embedded:4.3.0] AndroidManifest.xml:49:13-45
145            android:screenOrientation="sensorLandscape"
145-->[com.journeyapps:zxing-android-embedded:4.3.0] AndroidManifest.xml:50:13-56
146            android:stateNotNeeded="true"
146-->[com.journeyapps:zxing-android-embedded:4.3.0] AndroidManifest.xml:51:13-42
147            android:theme="@style/zxing_CaptureTheme"
147-->[com.journeyapps:zxing-android-embedded:4.3.0] AndroidManifest.xml:52:13-54
148            android:windowSoftInputMode="stateAlwaysHidden" />
148-->[com.journeyapps:zxing-android-embedded:4.3.0] AndroidManifest.xml:53:13-60
149    </application>
150
151</manifest>